android/build/outputs/logs/manifest-merger-debug-report.txt
-- Merging decision tree log ---
manifest
ADDED from SRM/android/AndroidManifest.xml:2:1-30:12
	package
		ADDED from SRM/android/AndroidManifest.xml:3:5-22
		INJECTED from SRM/android/AndroidManifest.xml
		INJECTED from SRM/android/AndroidManifest.xml
	android:versionName
		ADDED from SRM/android/AndroidManifest.xml:5:5-30
		INJECTED from SRM/android/AndroidManifest.xml
		INJECTED from SRM/android/AndroidManifest.xml
	android:versionCode
		ADDED from SRM/android/AndroidManifest.xml:4:5-28
		INJECTED from SRM/android/AndroidManifest.xml
		INJECTED from SRM/android/AndroidManifest.xml
	xmlns:android
		ADDED from SRM/android/AndroidManifest.xml:2:11-69
uses-sdk
ADDED from SRM/android/AndroidManifest.xml:7:5-73
	android:targetSdkVersion
		ADDED from SRM/android/AndroidManifest.xml:7:41-70
		INJECTED from SRM/android/AndroidManifest.xml
		INJECTED from SRM/android/AndroidManifest.xml
	android:minSdkVersion
		ADDED from SRM/android/AndroidManifest.xml:7:15-40
		INJECTED from SRM/android/AndroidManifest.xml
		INJECTED from SRM/android/AndroidManifest.xml
uses-permission#android.permission.VIBRATE
ADDED from SRM/android/AndroidManifest.xml:9:5-66
	android:name
		ADDED from SRM/android/AndroidManifest.xml:9:22-63
uses-permission#android.permission.INTERNET
ADDED from SRM/android/AndroidManifest.xml:10:5-67
	android:name
		ADDED from SRM/android/AndroidManifest.xml:10:22-64
application
ADDED from SRM/android/AndroidManifest.xml:12:5-28:19
	android:label
		ADDED from SRM/android/AndroidManifest.xml:15:9-41
	android:debuggable
		ADDED from SRM/android/AndroidManifest.xml:17:9-34
	android:allowBackup
		ADDED from SRM/android/AndroidManifest.xml:13:9-35
	android:icon
		ADDED from SRM/android/AndroidManifest.xml:14:9-45
	android:theme
		ADDED from SRM/android/AndroidManifest.xml:16:9-40
activity#com.srm.AndroidLauncher
ADDED from SRM/android/AndroidManifest.xml:18:9-27:20
	android:screenOrientation
		ADDED from SRM/android/AndroidManifest.xml:21:13-49
	android:label
		ADDED from SRM/android/AndroidManifest.xml:20:13-45
	android:configChanges
		ADDED from SRM/android/AndroidManifest.xml:22:13-83
	android:name
		ADDED from SRM/android/AndroidManifest.xml:19:13-51
intent-filter#android.intent.action.MAIN+android.intent.category.LAUNCHER
ADDED from SRM/android/AndroidManifest.xml:23:13-26:29
action#android.intent.action.MAIN
ADDED from SRM/android/AndroidManifest.xml:24:17-69
	android:name
		ADDED from SRM/android/AndroidManifest.xml:24:25-66
category#android.intent.category.LAUNCHER
ADDED from SRM/android/AndroidManifest.xml:25:17-77
	android:name
		ADDED from SRM/android/AndroidManifest.xml:25:27-74